<?xml version="1.0" encoding="UTF-8"?>
<!-- Generated by org.testng.reporters.JUnitReportReporter -->
<testsuite skipped="0" hostname="AsimaPC" name="BasicFramework.TestClass2" tests="2" failures="0" timestamp="24 Feb 2020 20:27:28 GMT" time="0.001" errors="0">
  <testcase name="deleteMethod" time="0.000" classname="BasicFramework.TestClass2"/>
  <testcase name="updateMethod" time="0.001" classname="BasicFramework.TestClass2"/>
</testsuite> <!-- BasicFramework.TestClass2 -->
