<?xml version="1.0" encoding="UTF-8"?>
<!-- Generated by org.testng.reporters.JUnitReportReporter -->
<testsuite skipped="0" hostname="AsimaPC" name="BasicFramework.TestClass3" tests="2" failures="0" timestamp="24 Feb 2020 20:27:28 GMT" time="0.000" errors="0">
  <testcase name="testM" time="0.000" classname="BasicFramework.TestClass3"/>
  <testcase name="testMethod" time="0.000" classname="BasicFramework.TestClass3"/>
</testsuite> <!-- BasicFramework.TestClass3 -->
