<?xml version="1.0" encoding="UTF-8"?>
<!-- Generated by org.testng.reporters.JUnitReportReporter -->
<testsuite skipped="0" hostname="AsimaPC" name="BasicFramework.TestClass1" tests="2" failures="0" timestamp="24 Feb 2020 20:27:28 GMT" time="0.011" errors="0">
  <testcase name="postMethod" time="0.001" classname="BasicFramework.TestClass1"/>
  <testcase name="getMethod" time="0.010" classname="BasicFramework.TestClass1"/>
</testsuite> <!-- BasicFramework.TestClass1 -->
