<?xml version="1.0" encoding="UTF-8"?>
<!-- Generated by org.testng.reporters.JUnitReportReporter -->
<testsuite skipped="0" hostname="AsimaPC" name="BasicFramework.AppTest" tests="1" failures="0" timestamp="24 Feb 2020 20:27:28 GMT" time="0.017" errors="0">
  <testcase name="testApp" time="0.017" classname="BasicFramework.AppTest"/>
</testsuite> <!-- BasicFramework.AppTest -->
